\BOOKMARK [1][-]{section.1}{\376\377\000I\000n\000t\000r\000o\000d\000u\000c\000t\000i\000o\000n}{}% 1
\BOOKMARK [2][-]{subsection.1.1}{\376\377\000M\000o\000t\000i\000v\000a\000t\000i\000o\000n}{section.1}% 2
\BOOKMARK [2][-]{subsection.1.2}{\376\377\000C\000o\000n\000t\000r\000i\000b\000u\000t\000i\000o\000n\000s}{section.1}% 3
\BOOKMARK [3][-]{subsubsection.1.2.1}{\376\377\000A\000r\000c\000h\000i\000t\000e\000c\000t\000u\000r\000e\000\040\000O\000v\000e\000r\000v\000i\000e\000w}{subsection.1.2}% 4
\BOOKMARK [1][-]{section.2}{\376\377\000P\000r\000e\000l\000i\000m\000i\000n\000a\000r\000i\000e\000s}{}% 5
\BOOKMARK [2][-]{subsection.2.1}{\376\377\000C\000r\000y\000p\000t\000o\000g\000r\000a\000p\000h\000i\000c\000\040\000P\000r\000i\000m\000i\000t\000i\000v\000e\000s}{section.2}% 6
\BOOKMARK [2][-]{subsection.2.2}{\376\377\000S\000o\000l\000a\000n\000a\000\040\000A\000r\000c\000h\000i\000t\000e\000c\000t\000u\000r\000e}{section.2}% 7
\BOOKMARK [3][-]{subsubsection.2.2.1}{\376\377\000A\000c\000c\000o\000u\000n\000t\000\040\000M\000o\000d\000e\000l}{subsection.2.2}% 8
\BOOKMARK [3][-]{subsubsection.2.2.2}{\376\377\000P\000r\000o\000g\000r\000a\000m\000\040\000D\000e\000r\000i\000v\000e\000d\000\040\000A\000d\000d\000r\000e\000s\000s\000e\000s\000\040\000\050\000P\000D\000A\000s\000\051}{subsection.2.2}% 9
\BOOKMARK [3][-]{subsubsection.2.2.3}{\376\377\000T\000o\000k\000e\000n\000-\0002\0000\0002\0002\000\040\000E\000x\000t\000e\000n\000s\000i\000o\000n\000s}{subsection.2.2}% 10
\BOOKMARK [2][-]{subsection.2.3}{\376\377\000B\000l\000o\000o\000m\000\040\000F\000i\000l\000t\000e\000r\000s}{section.2}% 11
\BOOKMARK [2][-]{subsection.2.4}{\376\377\000M\000e\000r\000k\000l\000e\000\040\000T\000r\000e\000e\000s}{section.2}% 12
\BOOKMARK [1][-]{section.3}{\376\377\000P\000o\000l\000i\000c\000y\000\040\000E\000n\000f\000o\000r\000c\000e\000m\000e\000n\000t\000\040\000L\000a\000y\000e\000r\000\040\000\050\000x\0000\000-\000g\000u\000a\000r\000d\000\051}{}% 13
\BOOKMARK [2][-]{subsection.3.1}{\376\377\000P\000r\000o\000b\000l\000e\000m\000\040\000S\000t\000a\000t\000e\000m\000e\000n\000t}{section.3}% 14
\BOOKMARK [2][-]{subsection.3.2}{\376\377\000D\000e\000s\000i\000g\000n\000\040\000G\000o\000a\000l\000s}{section.3}% 15
\BOOKMARK [2][-]{subsection.3.3}{\376\377\000A\000r\000c\000h\000i\000t\000e\000c\000t\000u\000r\000e}{section.3}% 16
\BOOKMARK [3][-]{subsubsection.3.3.1}{\376\377\000A\000g\000e\000n\000t\000P\000o\000l\000i\000c\000y\000\040\000A\000c\000c\000o\000u\000n\000t}{subsection.3.3}% 17
\BOOKMARK [3][-]{subsubsection.3.3.2}{\376\377\000T\000r\000a\000n\000s\000f\000e\000r\000\040\000H\000o\000o\000k\000\040\000M\000e\000c\000h\000a\000n\000i\000s\000m}{subsection.3.3}% 18
\BOOKMARK [2][-]{subsection.3.4}{\376\377\000R\000o\000l\000l\000i\000n\000g\000\040\000W\000i\000n\000d\000o\000w\000\040\000A\000l\000g\000o\000r\000i\000t\000h\000m}{section.3}% 19
\BOOKMARK [2][-]{subsection.3.5}{\376\377\000W\000h\000i\000t\000e\000l\000i\000s\000t\000\040\000V\000e\000r\000i\000f\000i\000c\000a\000t\000i\000o\000n}{section.3}% 20
\BOOKMARK [3][-]{subsubsection.3.5.1}{\376\377\000M\000e\000r\000k\000l\000e\000\040\000M\000o\000d\000e}{subsection.3.5}% 21
\BOOKMARK [3][-]{subsubsection.3.5.2}{\376\377\000B\000l\000o\000o\000m\000\040\000M\000o\000d\000e}{subsection.3.5}% 22
\BOOKMARK [3][-]{subsubsection.3.5.3}{\376\377\000D\000o\000m\000a\000i\000n\000\040\000M\000o\000d\000e}{subsection.3.5}% 23
\BOOKMARK [2][-]{subsection.3.6}{\376\377\000P\000r\000i\000v\000a\000c\000y\000\040\000L\000e\000v\000e\000l\000s}{section.3}% 24
\BOOKMARK [3][-]{subsubsection.3.6.1}{\376\377\000P\000u\000b\000l\000i\000c\000\040\000M\000o\000d\000e}{subsection.3.6}% 25
\BOOKMARK [3][-]{subsubsection.3.6.2}{\376\377\000C\000o\000n\000f\000i\000d\000e\000n\000t\000i\000a\000l\000\040\000M\000o\000d\000e}{subsection.3.6}% 26
\BOOKMARK [2][-]{subsection.3.7}{\376\377\000R\000e\000e\000n\000t\000r\000a\000n\000c\000y\000\040\000P\000r\000o\000t\000e\000c\000t\000i\000o\000n}{section.3}% 27
\BOOKMARK [1][-]{section.4}{\376\377\000H\000T\000T\000P\000\040\0004\0000\0002\000\040\000P\000r\000o\000t\000o\000c\000o\000l}{}% 28
\BOOKMARK [2][-]{subsection.4.1}{\376\377\000P\000r\000o\000b\000l\000e\000m\000\040\000S\000t\000a\000t\000e\000m\000e\000n\000t}{section.4}% 29
\BOOKMARK [2][-]{subsection.4.2}{\376\377\000P\000r\000o\000t\000o\000c\000o\000l\000\040\000F\000l\000o\000w}{section.4}% 30
\BOOKMARK [2][-]{subsection.4.3}{\376\377\000P\000r\000o\000t\000o\000c\000o\000l\000\040\000D\000e\000s\000i\000g\000n}{section.4}% 31
\BOOKMARK [3][-]{subsubsection.4.3.1}{\376\377\000P\000a\000y\000m\000e\000n\000t\000\040\000R\000e\000q\000u\000e\000s\000t}{subsection.4.3}% 32
\BOOKMARK [3][-]{subsubsection.4.3.2}{\376\377\000P\000a\000y\000m\000e\000n\000t\000\040\000P\000r\000o\000o\000f}{subsection.4.3}% 33
\BOOKMARK [3][-]{subsubsection.4.3.3}{\376\377\000V\000e\000r\000i\000f\000i\000c\000a\000t\000i\000o\000n}{subsection.4.3}% 34
\BOOKMARK [2][-]{subsection.4.4}{\376\377\000S\000e\000c\000u\000r\000i\000t\000y\000\040\000P\000r\000o\000p\000e\000r\000t\000i\000e\000s}{section.4}% 35
\BOOKMARK [1][-]{section.5}{\376\377\000C\000o\000n\000d\000i\000t\000i\000o\000n\000a\000l\000\040\000E\000s\000c\000r\000o\000w\000\040\000\050\000x\0000\000-\000e\000s\000c\000r\000o\000w\000\051}{}% 36
\BOOKMARK [2][-]{subsection.5.1}{\376\377\000D\000e\000s\000i\000g\000n}{section.5}% 37
\BOOKMARK [3][-]{subsubsection.5.1.1}{\376\377\000E\000s\000c\000r\000o\000w\000\040\000S\000t\000a\000t\000e\000\040\000M\000a\000c\000h\000i\000n\000e}{subsection.5.1}% 38
\BOOKMARK [3][-]{subsubsection.5.1.2}{\376\377\000E\000s\000c\000r\000o\000w\000\040\000A\000c\000c\000o\000u\000n\000t}{subsection.5.1}% 39
\BOOKMARK [2][-]{subsection.5.2}{\376\377\000K\000e\000y\000\040\000O\000p\000e\000r\000a\000t\000i\000o\000n\000s}{section.5}% 40
\BOOKMARK [3][-]{subsubsection.5.2.1}{\376\377\000C\000r\000e\000a\000t\000e\000\040\000a\000n\000d\000\040\000F\000u\000n\000d}{subsection.5.2}% 41
\BOOKMARK [3][-]{subsubsection.5.2.2}{\376\377\000D\000e\000l\000i\000v\000e\000r\000y\000\040\000a\000n\000d\000\040\000R\000e\000l\000e\000a\000s\000e}{subsection.5.2}% 42
\BOOKMARK [3][-]{subsubsection.5.2.3}{\376\377\000A\000u\000t\000o\000-\000R\000e\000l\000e\000a\000s\000e}{subsection.5.2}% 43
\BOOKMARK [3][-]{subsubsection.5.2.4}{\376\377\000D\000i\000s\000p\000u\000t\000e\000\040\000R\000e\000s\000o\000l\000u\000t\000i\000o\000n}{subsection.5.2}% 44
\BOOKMARK [2][-]{subsection.5.3}{\376\377\000S\000e\000c\000u\000r\000i\000t\000y\000\040\000A\000n\000a\000l\000y\000s\000i\000s}{section.5}% 45
\BOOKMARK [1][-]{section.6}{\376\377\000R\000e\000p\000u\000t\000a\000t\000i\000o\000n\000\040\000O\000r\000a\000c\000l\000e\000\040\000\050\000x\0000\000-\000r\000e\000p\000u\000t\000a\000t\000i\000o\000n\000\051}{}% 46
\BOOKMARK [2][-]{subsection.6.1}{\376\377\000D\000e\000s\000i\000g\000n\000\040\000G\000o\000a\000l\000s}{section.6}% 47
\BOOKMARK [2][-]{subsection.6.2}{\376\377\000R\000e\000p\000u\000t\000a\000t\000i\000o\000n\000\040\000A\000c\000c\000o\000u\000n\000t}{section.6}% 48
\BOOKMARK [2][-]{subsection.6.3}{\376\377\000R\000e\000p\000u\000t\000a\000t\000i\000o\000n\000\040\000S\000c\000o\000r\000e\000\040\000C\000a\000l\000c\000u\000l\000a\000t\000i\000o\000n}{section.6}% 49
\BOOKMARK [2][-]{subsection.6.4}{\376\377\000T\000e\000m\000p\000o\000r\000a\000l\000\040\000D\000e\000c\000a\000y}{section.6}% 50
\BOOKMARK [2][-]{subsection.6.5}{\376\377\000A\000u\000t\000h\000o\000r\000i\000z\000a\000t\000i\000o\000n\000\040\000M\000o\000d\000e\000l}{section.6}% 51
\BOOKMARK [1][-]{section.7}{\376\377\000A\000g\000e\000n\000t\000\040\000D\000i\000s\000c\000o\000v\000e\000r\000y\000\040\000\050\000x\0000\000-\000r\000e\000g\000i\000s\000t\000r\000y\000\051}{}% 52
\BOOKMARK [2][-]{subsection.7.1}{\376\377\000R\000e\000g\000i\000s\000t\000r\000y\000\040\000E\000n\000t\000r\000y}{section.7}% 53
\BOOKMARK [2][-]{subsection.7.2}{\376\377\000D\000i\000s\000c\000o\000v\000e\000r\000y\000\040\000A\000l\000g\000o\000r\000i\000t\000h\000m}{section.7}% 54
\BOOKMARK [2][-]{subsection.7.3}{\376\377\000C\000a\000p\000a\000b\000i\000l\000i\000t\000y\000\040\000M\000e\000t\000a\000d\000a\000t\000a}{section.7}% 55
\BOOKMARK [1][-]{section.8}{\376\377\000U\000S\000D\000C\000\040\000W\000r\000a\000p\000p\000e\000r\000\040\000\050\000x\0000\000-\000w\000r\000a\000p\000p\000e\000r\000\051}{}% 56
\BOOKMARK [2][-]{subsection.8.1}{\376\377\000P\000r\000o\000b\000l\000e\000m\000\040\000S\000t\000a\000t\000e\000m\000e\000n\000t}{section.8}% 57
\BOOKMARK [2][-]{subsection.8.2}{\376\377\000D\000e\000s\000i\000g\000n}{section.8}% 58
\BOOKMARK [3][-]{subsubsection.8.2.1}{\376\377\000S\000t\000a\000t\000e\000\040\000A\000c\000c\000o\000u\000n\000t\000s}{subsection.8.2}% 59
\BOOKMARK [3][-]{subsubsection.8.2.2}{\376\377\000R\000e\000s\000e\000r\000v\000e\000\040\000I\000n\000v\000a\000r\000i\000a\000n\000t}{subsection.8.2}% 60
\BOOKMARK [2][-]{subsection.8.3}{\376\377\000G\000o\000v\000e\000r\000n\000a\000n\000c\000e}{section.8}% 61
\BOOKMARK [3][-]{subsubsection.8.3.1}{\376\377\000T\000i\000m\000e\000l\000o\000c\000k}{subsection.8.3}% 62
\BOOKMARK [3][-]{subsubsection.8.3.2}{\376\377\000E\000m\000e\000r\000g\000e\000n\000c\000y\000\040\000P\000a\000u\000s\000e}{subsection.8.3}% 63
\BOOKMARK [2][-]{subsection.8.4}{\376\377\000R\000e\000s\000e\000r\000v\000e\000\040\000R\000a\000t\000i\000o\000\040\000M\000o\000n\000i\000t\000o\000r\000i\000n\000g}{section.8}% 64
\BOOKMARK [1][-]{section.9}{\376\377\000H\000u\000m\000a\000n\000-\000i\000n\000-\000t\000h\000e\000-\000L\000o\000o\000p\000\040\000\050\000B\000l\000i\000n\000k\000s\000\051}{}% 65
\BOOKMARK [2][-]{subsection.9.1}{\376\377\000P\000r\000o\000b\000l\000e\000m\000\040\000S\000t\000a\000t\000e\000m\000e\000n\000t}{section.9}% 66
\BOOKMARK [2][-]{subsection.9.2}{\376\377\000B\000l\000i\000n\000k\000\040\000D\000e\000s\000i\000g\000n}{section.9}% 67
\BOOKMARK [3][-]{subsubsection.9.2.1}{\376\377\000G\000e\000n\000e\000r\000a\000t\000i\000o\000n}{subsection.9.2}% 68
\BOOKMARK [3][-]{subsubsection.9.2.2}{\376\377\000R\000a\000t\000e\000\040\000L\000i\000m\000i\000t\000i\000n\000g}{subsection.9.2}% 69
\BOOKMARK [3][-]{subsubsection.9.2.3}{\376\377\000A\000p\000p\000r\000o\000v\000a\000l}{subsection.9.2}% 70
\BOOKMARK [1][-]{section.10}{\376\377\000E\000c\000o\000n\000o\000m\000i\000c\000\040\000M\000o\000d\000e\000l}{}% 71
\BOOKMARK [2][-]{subsection.10.1}{\376\377\000F\000e\000e\000\040\000S\000t\000r\000u\000c\000t\000u\000r\000e}{section.10}% 72
\BOOKMARK [2][-]{subsection.10.2}{\376\377\000F\000e\000e\000\040\000C\000o\000l\000l\000e\000c\000t\000i\000o\000n}{section.10}% 73
\BOOKMARK [2][-]{subsection.10.3}{\376\377\000T\000o\000k\000e\000n\000\040\000E\000c\000o\000n\000o\000m\000i\000c\000s}{section.10}% 74
\BOOKMARK [3][-]{subsubsection.10.3.1}{\376\377\000x\0000\000-\000U\000S\000D\000\040\000S\000u\000p\000p\000l\000y\000\040\000D\000y\000n\000a\000m\000i\000c\000s}{subsection.10.3}% 75
\BOOKMARK [1][-]{section.11}{\376\377\000Z\000e\000r\000o\000-\000K\000n\000o\000w\000l\000e\000d\000g\000e\000\040\000P\000r\000o\000o\000f\000\040\000V\000e\000r\000i\000f\000i\000c\000a\000t\000i\000o\000n\000\040\000\050\000x\0000\000-\000z\000k\000-\000v\000e\000r\000i\000f\000i\000e\000r\000\051}{}% 76
\BOOKMARK [2][-]{subsection.11.1}{\376\377\000P\000r\000o\000b\000l\000e\000m\000\040\000S\000t\000a\000t\000e\000m\000e\000n\000t}{section.11}% 77
\BOOKMARK [2][-]{subsection.11.2}{\376\377\000C\000r\000y\000p\000t\000o\000g\000r\000a\000p\000h\000i\000c\000\040\000F\000o\000u\000n\000d\000a\000t\000i\000o\000n\000s}{section.11}% 78
\BOOKMARK [3][-]{subsubsection.11.2.1}{\376\377\000T\000w\000i\000s\000t\000e\000d\000\040\000E\000l\000G\000a\000m\000a\000l\000\040\000E\000n\000c\000r\000y\000p\000t\000i\000o\000n}{subsection.11.2}% 79
\BOOKMARK [3][-]{subsubsection.11.2.2}{\376\377\000G\000r\000o\000t\000h\0001\0006\000\040\000P\000r\000o\000o\000f\000\040\000S\000y\000s\000t\000e\000m}{subsection.11.2}% 80
\BOOKMARK [2][-]{subsection.11.3}{\376\377\000P\000r\000o\000o\000f\000\040\000T\000y\000p\000e\000s}{section.11}% 81
\BOOKMARK [3][-]{subsubsection.11.3.1}{\376\377\000P\000u\000b\000k\000e\000y\000V\000a\000l\000i\000d\000i\000t\000y\000P\000r\000o\000o\000f}{subsection.11.3}% 82
\BOOKMARK [3][-]{subsubsection.11.3.2}{\376\377\000Z\000e\000r\000o\000B\000a\000l\000a\000n\000c\000e\000P\000r\000o\000o\000f}{subsection.11.3}% 83
\BOOKMARK [3][-]{subsubsection.11.3.3}{\376\377\000W\000i\000t\000h\000d\000r\000a\000w\000P\000r\000o\000o\000f}{subsection.11.3}% 84
\BOOKMARK [3][-]{subsubsection.11.3.4}{\376\377\000T\000r\000a\000n\000s\000f\000e\000r\000P\000r\000o\000o\000f}{subsection.11.3}% 85
\BOOKMARK [2][-]{subsection.11.4}{\376\377\000A\000r\000c\000h\000i\000t\000e\000c\000t\000u\000r\000e}{section.11}% 86
\BOOKMARK [3][-]{subsubsection.11.4.1}{\376\377\000P\000r\000o\000o\000f\000\040\000C\000o\000n\000t\000e\000x\000t\000\040\000A\000c\000c\000o\000u\000n\000t}{subsection.11.4}% 87
\BOOKMARK [3][-]{subsubsection.11.4.2}{\376\377\000P\000r\000o\000o\000f\000\040\000F\000r\000e\000s\000h\000n\000e\000s\000s}{subsection.11.4}% 88
\BOOKMARK [3][-]{subsubsection.11.4.3}{\376\377\000A\000m\000o\000u\000n\000t\000\040\000B\000o\000u\000n\000d\000s}{subsection.11.4}% 89
\BOOKMARK [2][-]{subsection.11.5}{\376\377\000O\000f\000f\000-\000C\000h\000a\000i\000n\000\040\000P\000r\000o\000o\000f\000\040\000G\000e\000n\000e\000r\000a\000t\000i\000o\000n\000\040\000\050\000x\0000\000-\000z\000k\000-\000p\000r\000o\000o\000f\000s\000\051}{section.11}% 90
\BOOKMARK [2][-]{subsection.11.6}{\376\377\000V\000e\000r\000i\000f\000i\000c\000a\000t\000i\000o\000n\000\040\000F\000l\000o\000w}{section.11}% 91
\BOOKMARK [2][-]{subsection.11.7}{\376\377\000S\000e\000c\000u\000r\000i\000t\000y\000\040\000P\000r\000o\000p\000e\000r\000t\000i\000e\000s}{section.11}% 92
\BOOKMARK [1][-]{section.12}{\376\377\000S\000e\000c\000u\000r\000i\000t\000y\000\040\000A\000n\000a\000l\000y\000s\000i\000s}{}% 93
\BOOKMARK [2][-]{subsection.12.1}{\376\377\000T\000h\000r\000e\000a\000t\000\040\000M\000o\000d\000e\000l}{section.12}% 94
\BOOKMARK [2][-]{subsection.12.2}{\376\377\000A\000t\000t\000a\000c\000k\000\040\000S\000c\000e\000n\000a\000r\000i\000o\000s\000\040\000a\000n\000d\000\040\000M\000i\000t\000i\000g\000a\000t\000i\000o\000n\000s}{section.12}% 95
\BOOKMARK [3][-]{subsubsection.12.2.1}{\376\377\000C\000o\000m\000p\000r\000o\000m\000i\000s\000e\000d\000\040\000A\000g\000e\000n\000t\000\040\000K\000e\000y}{subsection.12.2}% 96
\BOOKMARK [3][-]{subsubsection.12.2.2}{\376\377\000S\000y\000b\000i\000l\000\040\000A\000t\000t\000a\000c\000k\000\040\000o\000n\000\040\000R\000e\000p\000u\000t\000a\000t\000i\000o\000n}{subsection.12.2}% 97
\BOOKMARK [3][-]{subsubsection.12.2.3}{\376\377\000E\000s\000c\000r\000o\000w\000\040\000G\000r\000i\000e\000f\000i\000n\000g}{subsection.12.2}% 98
\BOOKMARK [3][-]{subsubsection.12.2.4}{\376\377\000W\000r\000a\000p\000p\000e\000r\000\040\000R\000e\000s\000e\000r\000v\000e\000\040\000D\000r\000a\000i\000n}{subsection.12.2}% 99
\BOOKMARK [3][-]{subsubsection.12.2.5}{\376\377\000T\000r\000a\000n\000s\000f\000e\000r\000\040\000H\000o\000o\000k\000\040\000C\000o\000n\000f\000i\000g\000u\000r\000a\000t\000i\000o\000n\000\040\000A\000t\000t\000a\000c\000k}{subsection.12.2}% 100
\BOOKMARK [2][-]{subsection.12.3}{\376\377\000F\000o\000r\000m\000a\000l\000\040\000V\000e\000r\000i\000f\000i\000c\000a\000t\000i\000o\000n}{section.12}% 101
\BOOKMARK [3][-]{subsubsection.12.3.1}{\376\377\000S\000p\000e\000n\000d\000\040\000L\000i\000m\000i\000t\000\040\000I\000n\000v\000a\000r\000i\000a\000n\000t}{subsection.12.3}% 102
\BOOKMARK [3][-]{subsubsection.12.3.2}{\376\377\000R\000e\000s\000e\000r\000v\000e\000\040\000I\000n\000v\000a\000r\000i\000a\000n\000t}{subsection.12.3}% 103
\BOOKMARK [1][-]{section.13}{\376\377\000P\000e\000r\000f\000o\000r\000m\000a\000n\000c\000e\000\040\000A\000n\000a\000l\000y\000s\000i\000s}{}% 104
\BOOKMARK [2][-]{subsection.13.1}{\376\377\000C\000o\000m\000p\000u\000t\000a\000t\000i\000o\000n\000a\000l\000\040\000C\000o\000m\000p\000l\000e\000x\000i\000t\000y}{section.13}% 105
\BOOKMARK [2][-]{subsection.13.2}{\376\377\000O\000n\000-\000C\000h\000a\000i\000n\000\040\000C\000o\000s\000t\000s}{section.13}% 106
\BOOKMARK [2][-]{subsection.13.3}{\376\377\000T\000r\000a\000n\000s\000a\000c\000t\000i\000o\000n\000\040\000B\000e\000n\000c\000h\000m\000a\000r\000k\000s}{section.13}% 107
\BOOKMARK [1][-]{section.14}{\376\377\000R\000e\000l\000a\000t\000e\000d\000\040\000W\000o\000r\000k}{}% 108
\BOOKMARK [2][-]{subsection.14.1}{\376\377\000P\000a\000y\000m\000e\000n\000t\000\040\000C\000h\000a\000n\000n\000e\000l\000s}{section.14}% 109
\BOOKMARK [2][-]{subsection.14.2}{\376\377\000E\000s\000c\000r\000o\000w\000\040\000P\000r\000o\000t\000o\000c\000o\000l\000s}{section.14}% 110
\BOOKMARK [2][-]{subsection.14.3}{\376\377\000R\000e\000p\000u\000t\000a\000t\000i\000o\000n\000\040\000S\000y\000s\000t\000e\000m\000s}{section.14}% 111
\BOOKMARK [1][-]{section.15}{\376\377\000F\000R\000O\000S\000T\000G\000A\000T\000E\000:\000\040\000T\000r\000u\000s\000t\000l\000e\000s\000s\000\040\000C\000r\000o\000s\000s\000-\000C\000h\000a\000i\000n\000\040\000B\000r\000i\000d\000g\000e}{}% 112
\BOOKMARK [2][-]{subsection.15.1}{\376\377\000P\000r\000o\000b\000l\000e\000m\000\040\000S\000t\000a\000t\000e\000m\000e\000n\000t}{section.15}% 113
\BOOKMARK [2][-]{subsection.15.2}{\376\377\000D\000e\000f\000i\000n\000i\000t\000i\000o\000n\000s}{section.15}% 114
\BOOKMARK [2][-]{subsection.15.3}{\376\377\000A\000r\000c\000h\000i\000t\000e\000c\000t\000u\000r\000e\000\040\000O\000v\000e\000r\000v\000i\000e\000w}{section.15}% 115
\BOOKMARK [2][-]{subsection.15.4}{\376\377\000O\000n\000-\000C\000h\000a\000i\000n\000\040\000S\000t\000a\000t\000e}{section.15}% 116
\BOOKMARK [3][-]{subsubsection.15.4.1}{\376\377\000B\000r\000i\000d\000g\000e\000\040\000C\000o\000n\000f\000i\000g\000u\000r\000a\000t\000i\000o\000n}{subsection.15.4}% 117
\BOOKMARK [3][-]{subsubsection.15.4.2}{\376\377\000B\000r\000i\000d\000g\000e\000\040\000M\000e\000s\000s\000a\000g\000e}{subsection.15.4}% 118
\BOOKMARK [3][-]{subsubsection.15.4.3}{\376\377\000E\000V\000M\000\040\000P\000r\000o\000o\000f\000\040\000C\000o\000n\000t\000e\000x\000t}{subsection.15.4}% 119
\BOOKMARK [3][-]{subsubsection.15.4.4}{\376\377\000B\000r\000i\000d\000g\000e\000\040\000O\000u\000t\000\040\000M\000e\000s\000s\000a\000g\000e}{subsection.15.4}% 120
\BOOKMARK [2][-]{subsection.15.5}{\376\377\000I\000n\000b\000o\000u\000n\000d\000\040\000P\000r\000o\000t\000o\000c\000o\000l\000\040\000\050\000B\000a\000s\000e\000\040\000\040\000S\000o\000l\000a\000n\000a\000\051}{section.15}% 121
\BOOKMARK [3][-]{subsubsection.15.5.1}{\376\377\000S\000t\000e\000p\000\040\0001\000:\000\040\000U\000S\000D\000C\000\040\000L\000o\000c\000k\000\040\000o\000n\000\040\000B\000a\000s\000e}{subsection.15.5}% 122
\BOOKMARK [3][-]{subsubsection.15.5.2}{\376\377\000S\000t\000e\000p\000\040\0002\000:\000\040\000H\000y\000p\000e\000r\000l\000a\000n\000e\000\040\000M\000e\000s\000s\000a\000g\000e\000\040\000D\000e\000l\000i\000v\000e\000r\000y}{subsection.15.5}% 123
\BOOKMARK [3][-]{subsubsection.15.5.3}{\376\377\000S\000t\000e\000p\000\040\0003\000:\000\040\000S\000T\000A\000R\000K\000\040\000P\000r\000o\000o\000f\000\040\000V\000e\000r\000i\000f\000i\000c\000a\000t\000i\000o\000n}{subsection.15.5}% 124
\BOOKMARK [3][-]{subsubsection.15.5.4}{\376\377\000S\000t\000e\000p\000\040\0004\000:\000\040\000M\000i\000n\000t\000\040\000E\000x\000e\000c\000u\000t\000i\000o\000n}{subsection.15.5}% 125
\BOOKMARK [2][-]{subsection.15.6}{\376\377\000O\000u\000t\000b\000o\000u\000n\000d\000\040\000P\000r\000o\000t\000o\000c\000o\000l\000\040\000\050\000S\000o\000l\000a\000n\000a\000\040\000\040\000B\000a\000s\000e\000\051}{section.15}% 126
\BOOKMARK [3][-]{subsubsection.15.6.1}{\376\377\000S\000t\000e\000p\000\040\0001\000:\000\040\000B\000u\000r\000n\000\040\000o\000n\000\040\000S\000o\000l\000a\000n\000a}{subsection.15.6}% 127
\BOOKMARK [3][-]{subsubsection.15.6.2}{\376\377\000S\000t\000e\000p\000\040\0002\000:\000\040\000P\000r\000o\000o\000f\000\040\000G\000e\000n\000e\000r\000a\000t\000i\000o\000n\000\040\000a\000n\000d\000\040\000U\000n\000l\000o\000c\000k\000\040\000o\000n\000\040\000B\000a\000s\000e}{subsection.15.6}% 128
\BOOKMARK [2][-]{subsection.15.7}{\376\377\000S\000P\0001\000\040\000S\000T\000A\000R\000K\000\040\000P\000r\000o\000o\000f\000\040\000C\000i\000r\000c\000u\000i\000t\000s}{section.15}% 129
\BOOKMARK [3][-]{subsubsection.15.7.1}{\376\377\000E\000V\000M\000\040\000P\000r\000o\000o\000f\000\040\000C\000i\000r\000c\000u\000i\000t\000\040\000\050\000B\000a\000s\000e\000\040\000\040\000S\000o\000l\000a\000n\000a\000\051}{subsection.15.7}% 130
\BOOKMARK [3][-]{subsubsection.15.7.2}{\376\377\000S\000o\000l\000a\000n\000a\000\040\000P\000r\000o\000o\000f\000\040\000C\000i\000r\000c\000u\000i\000t\000\040\000\050\000S\000o\000l\000a\000n\000a\000\040\000\040\000B\000a\000s\000e\000\051}{subsection.15.7}% 131
\BOOKMARK [2][-]{subsection.15.8}{\376\377\000R\000a\000t\000e\000\040\000L\000i\000m\000i\000t\000i\000n\000g\000\040\000a\000n\000d\000\040\000C\000i\000r\000c\000u\000i\000t\000\040\000B\000r\000e\000a\000k\000e\000r\000s}{section.15}% 132
\BOOKMARK [3][-]{subsubsection.15.8.1}{\376\377\000P\000e\000r\000-\000T\000r\000a\000n\000s\000a\000c\000t\000i\000o\000n\000\040\000B\000o\000u\000n\000d\000s}{subsection.15.8}% 133
\BOOKMARK [3][-]{subsubsection.15.8.2}{\376\377\000D\000a\000i\000l\000y\000\040\000R\000o\000l\000l\000i\000n\000g\000\040\000W\000i\000n\000d\000o\000w}{subsection.15.8}% 134
\BOOKMARK [3][-]{subsubsection.15.8.3}{\376\377\000C\000i\000r\000c\000u\000i\000t\000\040\000B\000r\000e\000a\000k\000e\000r\000s}{subsection.15.8}% 135
\BOOKMARK [2][-]{subsection.15.9}{\376\377\000P\000r\000o\000o\000f\000\040\000F\000r\000e\000s\000h\000n\000e\000s\000s}{section.15}% 136
\BOOKMARK [2][-]{subsection.15.10}{\376\377\000E\000V\000M\000\040\000C\000o\000n\000t\000r\000a\000c\000t\000s}{section.15}% 137
\BOOKMARK [3][-]{subsubsection.15.10.1}{\376\377\000X\0000\000L\000o\000c\000k\000C\000o\000n\000t\000r\000a\000c\000t}{subsection.15.10}% 138
\BOOKMARK [3][-]{subsubsection.15.10.2}{\376\377\000X\0000\000U\000n\000l\000o\000c\000k\000C\000o\000n\000t\000r\000a\000c\000t}{subsection.15.10}% 139
\BOOKMARK [2][-]{subsection.15.11}{\376\377\000A\000d\000m\000i\000n\000i\000s\000t\000r\000a\000t\000i\000v\000e\000\040\000C\000o\000n\000t\000r\000o\000l\000s}{section.15}% 140
\BOOKMARK [2][-]{subsection.15.12}{\376\377\000S\000e\000c\000u\000r\000i\000t\000y\000\040\000A\000n\000a\000l\000y\000s\000i\000s}{section.15}% 141
\BOOKMARK [3][-]{subsubsection.15.12.1}{\376\377\000T\000h\000r\000e\000a\000t\000\040\000M\000o\000d\000e\000l}{subsection.15.12}% 142
\BOOKMARK [3][-]{subsubsection.15.12.2}{\376\377\000M\000i\000t\000i\000g\000a\000t\000i\000o\000n\000s}{subsection.15.12}% 143
\BOOKMARK [1][-]{section.16}{\376\377\000F\000u\000t\000u\000r\000e\000\040\000W\000o\000r\000k}{}% 144
\BOOKMARK [2][-]{subsection.16.1}{\376\377\000E\000x\000t\000e\000n\000d\000e\000d\000\040\000Z\000e\000r\000o\000-\000K\000n\000o\000w\000l\000e\000d\000g\000e\000\040\000A\000p\000p\000l\000i\000c\000a\000t\000i\000o\000n\000s}{section.16}% 145
\BOOKMARK [2][-]{subsection.16.2}{\376\377\000C\000r\000o\000s\000s\000-\000C\000h\000a\000i\000n\000\040\000E\000x\000t\000e\000n\000s\000i\000o\000n}{section.16}% 146
\BOOKMARK [2][-]{subsection.16.3}{\376\377\000M\000a\000c\000h\000i\000n\000e\000\040\000L\000e\000a\000r\000n\000i\000n\000g\000\040\000I\000n\000t\000e\000g\000r\000a\000t\000i\000o\000n}{section.16}% 147
\BOOKMARK [2][-]{subsection.16.4}{\376\377\000G\000o\000v\000e\000r\000n\000a\000n\000c\000e}{section.16}% 148
\BOOKMARK [1][-]{section.17}{\376\377\000C\000o\000n\000c\000l\000u\000s\000i\000o\000n}{}% 149
\BOOKMARK [1][-]{appendix.A}{\376\377\000E\000r\000r\000o\000r\000\040\000C\000o\000d\000e\000s\000\040\000R\000e\000f\000e\000r\000e\000n\000c\000e}{}% 150
\BOOKMARK [1][-]{appendix.B}{\376\377\000P\000r\000o\000g\000r\000a\000m\000\040\000A\000d\000d\000r\000e\000s\000s\000e\000s}{}% 151
\BOOKMARK [1][-]{appendix.C}{\376\377\000M\000a\000t\000h\000e\000m\000a\000t\000i\000c\000a\000l\000\040\000N\000o\000t\000a\000t\000i\000o\000n}{}% 152
\BOOKMARK [1][-]{appendix.D}{\376\377\000S\000D\000K\000\040\000I\000n\000t\000e\000g\000r\000a\000t\000i\000o\000n\000\040\000G\000u\000i\000d\000e}{}% 153
\BOOKMARK [2][-]{subsection.D.1}{\376\377\000I\000n\000s\000t\000a\000l\000l\000a\000t\000i\000o\000n}{appendix.D}% 154
\BOOKMARK [2][-]{subsection.D.2}{\376\377\000Q\000u\000i\000c\000k\000\040\000S\000t\000a\000r\000t}{appendix.D}% 155
\BOOKMARK [2][-]{subsection.D.3}{\376\377\000S\000D\000K\000\040\000M\000o\000d\000u\000l\000e\000s}{appendix.D}% 156
\BOOKMARK [2][-]{subsection.D.4}{\376\377\000R\000e\000s\000o\000u\000r\000c\000e\000s}{appendix.D}% 157
\BOOKMARK [2][-]{subsection.D.5}{\376\377\000C\000o\000n\000f\000i\000d\000e\000n\000t\000i\000a\000l\000\040\000T\000r\000a\000n\000s\000f\000e\000r\000\040\000A\000r\000c\000h\000i\000t\000e\000c\000t\000u\000r\000e}{appendix.D}% 158
